# JRE version: OpenJDK Runtime Environment (11.0.11+9) (build 11.0.11+9-b60-7590822)
# Java VM: OpenJDK 64-Bit Server VM (11.0.11+9-b60-7590822, mixed mode, tiered, compressed oops, g1 gc, windows-amd64)
Heap:
 garbage-first heap   total 225280K, used 149068K [0x0000000080000000, 0x0000000100000000)
  region size 1024K, 43 young (44032K), 2 survivors (2048K)
 Metaspace       used 93824K, capacity 96279K, committed 96304K, reserved 1132544K
  class space    used 12074K, capacity 12906K, committed 12928K, reserved 1048576K
GC Heap History (20 events):
Event: 18.260 GC heap before
{Heap before GC invocations=21 (full 0):
 garbage-first heap   total 155648K, used 92394K [0x0000000080000000, 0x0000000100000000)
  region size 1024K, 21 young (21504K), 7 survivors (7168K)
 Metaspace       used 71325K, capacity 73329K, committed 73520K, reserved 1114112K
  class space    used 9072K, capacity 9769K, committed 9856K, reserved 1048576K
}
Event: 18.276 GC heap after
{Heap after GC invocations=22 (full 0):
 garbage-first heap   total 155648K, used 80927K [0x0000000080000000, 0x0000000100000000)
  region size 1024K, 2 young (2048K), 2 survivors (2048K)
 Metaspace       used 71325K, capacity 73329K, committed 73520K, reserved 1114112K
  class space    used 9072K, capacity 9769K, committed 9856K, reserved 1048576K
}
Event: 18.913 GC heap before
{Heap before GC invocations=23 (full 0):
 garbage-first heap   total 155648K, used 119839K [0x0000000080000000, 0x0000000100000000)
  region size 1024K, 39 young (39936K), 2 survivors (2048K)
 Metaspace       used 72033K, capacity 74035K, committed 74160K, reserved 1114112K
  class space    used 9168K, capacity 9870K, committed 9984K, reserved 1048576K
}
Event: 18.916 GC heap after
{Heap after GC invocations=24 (full 0):
 garbage-first heap   total 155648K, used 80328K [0x0000000080000000, 0x0000000100000000)
  region size 1024K, 2 young (2048K), 2 survivors (2048K)
 Metaspace       used 72033K, capacity 74035K, committed 74160K, reserved 1114112K
  class space    used 9168K, capacity 9870K, committed 9984K, reserved 1048576K
}
Event: 19.383 GC heap before
{Heap before GC invocations=24 (full 0):
 garbage-first heap   total 155648K, used 120264K [0x0000000080000000, 0x0000000100000000)
  region size 1024K, 41 young (41984K), 2 survivors (2048K)
 Metaspace       used 72535K, capacity 74663K, committed 74800K, reserved 1114112K
  class space    used 9237K, capacity 9992K, committed 10112K, reserved 1048576K
}
Event: 19.394 GC heap after
{Heap after GC invocations=25 (full 0):
 garbage-first heap   total 155648K, used 82798K [0x0000000080000000, 0x0000000100000000)
  region size 1024K, 4 young (4096K), 4 survivors (4096K)
 Metaspace       used 72535K, capacity 74663K, committed 74800K, reserved 1114112K
  class space    used 9237K, capacity 9992K, committed 10112K, reserved 1048576K
}
Event: 20.156 GC heap before
{Heap before GC invocations=26 (full 0):
 garbage-first heap   total 155648K, used 122734K [0x0000000080000000, 0x0000000100000000)
  region size 1024K, 43 young (44032K), 4 survivors (4096K)
 Metaspace       used 74462K, capacity 76591K, committed 76848K, reserved 1116160K
  class space    used 9492K, capacity 10248K, committed 10368K, reserved 1048576K
}
Event: 20.168 GC heap after
{Heap after GC invocations=27 (full 0):
 garbage-first heap   total 187392K, used 85431K [0x0000000080000000, 0x0000000100000000)
  region size 1024K, 6 young (6144K), 6 survivors (6144K)
 Metaspace       used 74462K, capacity 76591K, committed 76848K, reserved 1116160K
  class space    used 9492K, capacity 10248K, committed 10368K, reserved 1048576K
}
Event: 21.873 GC heap before
{Heap before GC invocations=27 (full 0):
 garbage-first heap   total 187392K, used 139703K [0x0000000080000000, 0x0000000100000000)
  region size 1024K, 59 young (60416K), 6 survivors (6144K)
 Metaspace       used 78347K, capacity 80529K, committed 80816K, reserved 1120256K
  class space    used 10161K, capacity 10939K, committed 11008K, reserved 1048576K
}
Event: 21.889 GC heap after
{Heap after GC invocations=28 (full 0):
 garbage-first heap   total 187392K, used 89362K [0x0000000080000000, 0x0000000100000000)
  region size 1024K, 7 young (7168K), 7 survivors (7168K)
 Metaspace       used 78347K, capacity 80529K, committed 80816K, reserved 1120256K
  class space    used 10161K, capacity 10939K, committed 11008K, reserved 1048576K
}
Event: 22.310 GC heap before
{Heap before GC invocations=28 (full 0):
 garbage-first heap   total 187392K, used 107794K [0x0000000080000000, 0x0000000100000000)
  region size 1024K, 26 young (26624K), 7 survivors (7168K)
 Metaspace       used 79851K, capacity 82005K, committed 82096K, reserved 1120256K
  class space    used 10385K, capacity 11177K, committed 11264K, reserved 1048576K
}
Event: 22.325 GC heap after
{Heap after GC invocations=29 (full 0):
 garbage-first heap   total 187392K, used 91563K [0x0000000080000000, 0x0000000100000000)
  region size 1024K, 6 young (6144K), 6 survivors (6144K)
 Metaspace       used 79851K, capacity 82005K, committed 82096K, reserved 1120256K
  class space    used 10385K, capacity 11177K, committed 11264K, reserved 1048576K
}
Event: 22.633 GC heap before
{Heap before GC invocations=30 (full 0):
 garbage-first heap   total 187392K, used 97707K [0x0000000080000000, 0x0000000100000000)
  region size 1024K, 8 young (8192K), 6 survivors (6144K)
 Metaspace       used 79809K, capacity 81885K, committed 82096K, reserved 1120256K
  class space    used 10372K, capacity 11137K, committed 11264K, reserved 1048576K
}
Event: 22.644 GC heap after
{Heap after GC invocations=31 (full 0):
 garbage-first heap   total 187392K, used 98391K [0x0000000080000000, 0x0000000100000000)
  region size 1024K, 4 young (4096K), 4 survivors (4096K)
 Metaspace       used 79809K, capacity 81885K, committed 82096K, reserved 1120256K
  class space    used 10372K, capacity 11137K, committed 11264K, reserved 1048576K
}
Event: 24.085 GC heap before
{Heap before GC invocations=32 (full 0):
 garbage-first heap   total 187392K, used 136279K [0x0000000080000000, 0x0000000100000000)
  region size 1024K, 37 young (37888K), 4 survivors (4096K)
 Metaspace       used 81378K, capacity 83627K, committed 83760K, reserved 1122304K
  class space    used 10580K, capacity 11371K, committed 11392K, reserved 1048576K
}
Event: 24.100 GC heap after
{Heap after GC invocations=33 (full 0):
 garbage-first heap   total 225280K, used 106172K [0x0000000080000000, 0x0000000100000000)
  region size 1024K, 5 young (5120K), 5 survivors (5120K)
 Metaspace       used 81378K, capacity 83627K, committed 83760K, reserved 1122304K
  class space    used 10580K, capacity 11371K, committed 11392K, reserved 1048576K
}
Event: 25.707 GC heap before
{Heap before GC invocations=33 (full 0):
 garbage-first heap   total 225280K, used 118460K [0x0000000080000000, 0x0000000100000000)
  region size 1024K, 18 young (18432K), 5 survivors (5120K)
 Metaspace       used 83041K, capacity 85397K, committed 85552K, reserved 1124352K
  class space    used 10766K, capacity 11570K, committed 11648K, reserved 1048576K
}
Event: 25.714 GC heap after
{Heap after GC invocations=34 (full 0):
 garbage-first heap   total 225280K, used 107238K [0x0000000080000000, 0x0000000100000000)
  region size 1024K, 1 young (1024K), 1 survivors (1024K)
 Metaspace       used 83041K, capacity 85397K, committed 85552K, reserved 1124352K
  class space    used 10766K, capacity 11570K, committed 11648K, reserved 1048576K
}
Event: 27.037 GC heap before
{Heap before GC invocations=35 (full 0):
 garbage-first heap   total 225280K, used 151270K [0x0000000080000000, 0x0000000100000000)
  region size 1024K, 43 young (44032K), 1 survivors (1024K)
 Metaspace       used 87818K, capacity 90161K, committed 90416K, reserved 1128448K
  class space    used 11376K, capacity 12144K, committed 12160K, reserved 1048576K
}
Event: 27.043 GC heap after
{Heap after GC invocations=36 (full 0):
 garbage-first heap   total 225280K, used 108108K [0x0000000080000000, 0x0000000100000000)
  region size 1024K, 2 young (2048K), 2 survivors (2048K)
 Metaspace       used 87818K, capacity 90161K, committed 90416K, reserved 1128448K
  class space    used 11376K, capacity 12144K, committed 12160K, reserved 1048576K
}

