# JRE version: OpenJDK Runtime Environment (11.0.11+9) (build 11.0.11+9-b60-7590822)
# Java VM: OpenJDK 64-Bit Server VM (11.0.11+9-b60-7590822, mixed mode, tiered, compressed oops, g1 gc, windows-amd64)
Heap:
 garbage-first heap   total 155648K, used 111302K [0x0000000080000000, 0x0000000100000000)
  region size 1024K, 67 young (68608K), 7 survivors (7168K)
 Metaspace       used 65639K, capacity 67319K, committed 67584K, reserved 1107968K
  class space    used 8345K, capacity 8985K, committed 9036K, reserved 1048576K
GC Heap History (20 events):
Event: 1.083 GC heap before
{Heap before GC invocations=0 (full 0):
 garbage-first heap   total 129024K, used 29696K [0x0000000080000000, 0x0000000100000000)
  region size 1024K, 24 young (24576K), 0 survivors (0K)
 Metaspace       used 9890K, capacity 10130K, committed 10368K, reserved 1058816K
  class space    used 1030K, capacity 1102K, committed 1152K, reserved 1048576K
}
Event: 1.089 GC heap after
{Heap after GC invocations=1 (full 0):
 garbage-first heap   total 129024K, used 9185K [0x0000000080000000, 0x0000000100000000)
  region size 1024K, 3 young (3072K), 3 survivors (3072K)
 Metaspace       used 9890K, capacity 10130K, committed 10368K, reserved 1058816K
  class space    used 1030K, capacity 1102K, committed 1152K, reserved 1048576K
}
Event: 3.116 GC heap before
{Heap before GC invocations=1 (full 0):
 garbage-first heap   total 129024K, used 82913K [0x0000000080000000, 0x0000000100000000)
  region size 1024K, 75 young (76800K), 3 survivors (3072K)
 Metaspace       used 17663K, capacity 18066K, committed 18176K, reserved 1064960K
  class space    used 2083K, capacity 2217K, committed 2304K, reserved 1048576K
}
Event: 3.123 GC heap after
{Heap after GC invocations=2 (full 0):
 garbage-first heap   total 129024K, used 15764K [0x0000000080000000, 0x0000000100000000)
  region size 1024K, 10 young (10240K), 10 survivors (10240K)
 Metaspace       used 17663K, capacity 18066K, committed 18176K, reserved 1064960K
  class space    used 2083K, capacity 2217K, committed 2304K, reserved 1048576K
}
Event: 3.391 GC heap before
{Heap before GC invocations=2 (full 0):
 garbage-first heap   total 129024K, used 40340K [0x0000000080000000, 0x0000000100000000)
  region size 1024K, 35 young (35840K), 10 survivors (10240K)
 Metaspace       used 20701K, capacity 21085K, committed 21248K, reserved 1067008K
  class space    used 2536K, capacity 2691K, committed 2816K, reserved 1048576K
}
Event: 3.400 GC heap after
{Heap after GC invocations=3 (full 0):
 garbage-first heap   total 129024K, used 16931K [0x0000000080000000, 0x0000000100000000)
  region size 1024K, 2 young (2048K), 2 survivors (2048K)
 Metaspace       used 20701K, capacity 21085K, committed 21248K, reserved 1067008K
  class space    used 2536K, capacity 2691K, committed 2816K, reserved 1048576K
}
Event: 4.340 GC heap before
{Heap before GC invocations=4 (full 0):
 garbage-first heap   total 129024K, used 76323K [0x0000000080000000, 0x0000000100000000)
  region size 1024K, 60 young (61440K), 2 survivors (2048K)
 Metaspace       used 26518K, capacity 27046K, committed 27264K, reserved 1073152K
  class space    used 3479K, capacity 3685K, committed 3712K, reserved 1048576K
}
Event: 4.345 GC heap after
{Heap after GC invocations=5 (full 0):
 garbage-first heap   total 129024K, used 18966K [0x0000000080000000, 0x0000000100000000)
  region size 1024K, 4 young (4096K), 4 survivors (4096K)
 Metaspace       used 26518K, capacity 27046K, committed 27264K, reserved 1073152K
  class space    used 3479K, capacity 3685K, committed 3712K, reserved 1048576K
}
Event: 5.215 GC heap before
{Heap before GC invocations=5 (full 0):
 garbage-first heap   total 129024K, used 71190K [0x0000000080000000, 0x0000000100000000)
  region size 1024K, 56 young (57344K), 4 survivors (4096K)
 Metaspace       used 35030K, capacity 35801K, committed 35840K, reserved 1081344K
  class space    used 4552K, capacity 4863K, committed 4864K, reserved 1048576K
}
Event: 5.227 GC heap after
{Heap after GC invocations=6 (full 0):
 garbage-first heap   total 129024K, used 22371K [0x0000000080000000, 0x0000000100000000)
  region size 1024K, 7 young (7168K), 7 survivors (7168K)
 Metaspace       used 35030K, capacity 35801K, committed 35840K, reserved 1081344K
  class space    used 4552K, capacity 4863K, committed 4864K, reserved 1048576K
}
Event: 6.065 GC heap before
{Heap before GC invocations=7 (full 0):
 garbage-first heap   total 129024K, used 92003K [0x0000000080000000, 0x0000000100000000)
  region size 1024K, 73 young (74752K), 7 survivors (7168K)
 Metaspace       used 40222K, capacity 41166K, committed 41420K, reserved 1085440K
  class space    used 5149K, capacity 5495K, committed 5580K, reserved 1048576K
}
Event: 6.077 GC heap after
{Heap after GC invocations=8 (full 0):
 garbage-first heap   total 129024K, used 27469K [0x0000000080000000, 0x0000000100000000)
  region size 1024K, 9 young (9216K), 9 survivors (9216K)
 Metaspace       used 40222K, capacity 41166K, committed 41420K, reserved 1085440K
  class space    used 5149K, capacity 5495K, committed 5580K, reserved 1048576K
}
Event: 7.454 GC heap before
{Heap before GC invocations=8 (full 0):
 garbage-first heap   total 129024K, used 93005K [0x0000000080000000, 0x0000000100000000)
  region size 1024K, 73 young (74752K), 9 survivors (9216K)
 Metaspace       used 46115K, capacity 47246K, committed 47436K, reserved 1089536K
  class space    used 5923K, capacity 6363K, committed 6476K, reserved 1048576K
}
Event: 7.465 GC heap after
{Heap after GC invocations=9 (full 0):
 garbage-first heap   total 155648K, used 30257K [0x0000000080000000, 0x0000000100000000)
  region size 1024K, 8 young (8192K), 8 survivors (8192K)
 Metaspace       used 46115K, capacity 47246K, committed 47436K, reserved 1089536K
  class space    used 5923K, capacity 6363K, committed 6476K, reserved 1048576K
}
Event: 8.823 GC heap before
{Heap before GC invocations=9 (full 0):
 garbage-first heap   total 155648K, used 115249K [0x0000000080000000, 0x0000000100000000)
  region size 1024K, 87 young (89088K), 8 survivors (8192K)
 Metaspace       used 50646K, capacity 52097K, committed 52428K, reserved 1095680K
  class space    used 6456K, capacity 6983K, committed 7116K, reserved 1048576K
}
Event: 8.838 GC heap after
{Heap after GC invocations=10 (full 0):
 garbage-first heap   total 155648K, used 43744K [0x0000000080000000, 0x0000000100000000)
  region size 1024K, 11 young (11264K), 11 survivors (11264K)
 Metaspace       used 50646K, capacity 52097K, committed 52428K, reserved 1095680K
  class space    used 6456K, capacity 6983K, committed 7116K, reserved 1048576K
}
Event: 9.857 GC heap before
{Heap before GC invocations=10 (full 0):
 garbage-first heap   total 155648K, used 96992K [0x0000000080000000, 0x0000000100000000)
  region size 1024K, 64 young (65536K), 11 survivors (11264K)
 Metaspace       used 58610K, capacity 60155K, committed 60288K, reserved 1101824K
  class space    used 7463K, capacity 8087K, committed 8140K, reserved 1048576K
}
Event: 9.879 GC heap after
{Heap after GC invocations=11 (full 0):
 garbage-first heap   total 155648K, used 46579K [0x0000000080000000, 0x0000000100000000)
  region size 1024K, 3 young (3072K), 3 survivors (3072K)
 Metaspace       used 58610K, capacity 60155K, committed 60288K, reserved 1101824K
  class space    used 7463K, capacity 8087K, committed 8140K, reserved 1048576K
}
Event: 10.891 GC heap before
{Heap before GC invocations=12 (full 0):
 garbage-first heap   total 155648K, used 111091K [0x0000000080000000, 0x0000000100000000)
  region size 1024K, 66 young (67584K), 3 survivors (3072K)
 Metaspace       used 64402K, capacity 65983K, committed 66176K, reserved 1105920K
  class space    used 8185K, capacity 8797K, committed 8908K, reserved 1048576K
}
Event: 10.905 GC heap after
{Heap after GC invocations=13 (full 0):
 garbage-first heap   total 155648K, used 50886K [0x0000000080000000, 0x0000000100000000)
  region size 1024K, 7 young (7168K), 7 survivors (7168K)
 Metaspace       used 64402K, capacity 65983K, committed 66176K, reserved 1105920K
  class space    used 8185K, capacity 8797K, committed 8908K, reserved 1048576K
}

