# JRE version: OpenJDK Runtime Environment (11.0.11+9) (build 11.0.11+9-b60-7590822)
# Java VM: OpenJDK 64-Bit Server VM (11.0.11+9-b60-7590822, mixed mode, tiered, compressed oops, g1 gc, windows-amd64)
Heap:
 garbage-first heap   total 155648K, used 119525K [0x0000000080000000, 0x0000000100000000)
  region size 1024K, 63 young (64512K), 8 survivors (8192K)
 Metaspace       used 55914K, capacity 57592K, committed 57800K, reserved 1099776K
  class space    used 7155K, capacity 7760K, committed 7808K, reserved 1048576K
GC Heap History (20 events):
Event: 2.159 GC heap after
{Heap after GC invocations=2 (full 0):
 garbage-first heap   total 129024K, used 13060K [0x0000000080000000, 0x0000000100000000)
  region size 1024K, 4 young (4096K), 4 survivors (4096K)
 Metaspace       used 10922K, capacity 11145K, committed 11264K, reserved 1058816K
  class space    used 1134K, capacity 1207K, committed 1280K, reserved 1048576K
}
Event: 3.952 GC heap before
{Heap before GC invocations=2 (full 0):
 garbage-first heap   total 129024K, used 59140K [0x0000000080000000, 0x0000000100000000)
  region size 1024K, 49 young (50176K), 4 survivors (4096K)
 Metaspace       used 19116K, capacity 19506K, committed 19712K, reserved 1067008K
  class space    used 2292K, capacity 2433K, committed 2560K, reserved 1048576K
}
Event: 3.958 GC heap after
{Heap after GC invocations=3 (full 0):
 garbage-first heap   total 129024K, used 16661K [0x0000000080000000, 0x0000000100000000)
  region size 1024K, 7 young (7168K), 7 survivors (7168K)
 Metaspace       used 19116K, capacity 19506K, committed 19712K, reserved 1067008K
  class space    used 2292K, capacity 2433K, committed 2560K, reserved 1048576K
}
Event: 4.198 GC heap before
{Heap before GC invocations=3 (full 0):
 garbage-first heap   total 129024K, used 32021K [0x0000000080000000, 0x0000000100000000)
  region size 1024K, 23 young (23552K), 7 survivors (7168K)
 Metaspace       used 20713K, capacity 21188K, committed 21296K, reserved 1069056K
  class space    used 2529K, capacity 2674K, committed 2688K, reserved 1048576K
}
Event: 4.211 GC heap after
{Heap after GC invocations=4 (full 0):
 garbage-first heap   total 129024K, used 17629K [0x0000000080000000, 0x0000000100000000)
  region size 1024K, 5 young (5120K), 5 survivors (5120K)
 Metaspace       used 20713K, capacity 21188K, committed 21296K, reserved 1069056K
  class space    used 2529K, capacity 2674K, committed 2688K, reserved 1048576K
}
Event: 5.141 GC heap before
{Heap before GC invocations=5 (full 0):
 garbage-first heap   total 129024K, used 64733K [0x0000000080000000, 0x0000000100000000)
  region size 1024K, 51 young (52224K), 5 survivors (5120K)
 Metaspace       used 25479K, capacity 26117K, committed 26288K, reserved 1073152K
  class space    used 3294K, capacity 3514K, committed 3584K, reserved 1048576K
}
Event: 5.146 GC heap after
{Heap after GC invocations=6 (full 0):
 garbage-first heap   total 129024K, used 19254K [0x0000000080000000, 0x0000000100000000)
  region size 1024K, 3 young (3072K), 3 survivors (3072K)
 Metaspace       used 25479K, capacity 26117K, committed 26288K, reserved 1073152K
  class space    used 3294K, capacity 3514K, committed 3584K, reserved 1048576K
}
Event: 5.961 GC heap before
{Heap before GC invocations=6 (full 0):
 garbage-first heap   total 129024K, used 83766K [0x0000000080000000, 0x0000000100000000)
  region size 1024K, 57 young (58368K), 3 survivors (3072K)
 Metaspace       used 30473K, capacity 31341K, committed 31536K, reserved 1077248K
  class space    used 4084K, capacity 4403K, committed 4480K, reserved 1048576K
}
Event: 5.968 GC heap after
{Heap after GC invocations=7 (full 0):
 garbage-first heap   total 129024K, used 33690K [0x0000000080000000, 0x0000000100000000)
  region size 1024K, 8 young (8192K), 8 survivors (8192K)
 Metaspace       used 30473K, capacity 31341K, committed 31536K, reserved 1077248K
  class space    used 4084K, capacity 4403K, committed 4480K, reserved 1048576K
}
Event: 6.469 GC heap before
{Heap before GC invocations=7 (full 0):
 garbage-first heap   total 129024K, used 55194K [0x0000000080000000, 0x0000000100000000)
  region size 1024K, 30 young (30720K), 8 survivors (8192K)
 Metaspace       used 34572K, capacity 35499K, committed 35632K, reserved 1079296K
  class space    used 4540K, capacity 4894K, committed 4992K, reserved 1048576K
}
Event: 6.483 GC heap after
{Heap after GC invocations=8 (full 0):
 garbage-first heap   total 129024K, used 35227K [0x0000000080000000, 0x0000000100000000)
  region size 1024K, 2 young (2048K), 2 survivors (2048K)
 Metaspace       used 34572K, capacity 35499K, committed 35632K, reserved 1079296K
  class space    used 4540K, capacity 4894K, committed 4992K, reserved 1048576K
}
Event: 7.220 GC heap before
{Heap before GC invocations=9 (full 0):
 garbage-first heap   total 129024K, used 84379K [0x0000000080000000, 0x0000000100000000)
  region size 1024K, 48 young (49152K), 2 survivors (2048K)
 Metaspace       used 40322K, capacity 41416K, committed 41672K, reserved 1085440K
  class space    used 5108K, capacity 5498K, committed 5504K, reserved 1048576K
}
Event: 7.228 GC heap after
{Heap after GC invocations=10 (full 0):
 garbage-first heap   total 155648K, used 39794K [0x0000000080000000, 0x0000000100000000)
  region size 1024K, 6 young (6144K), 6 survivors (6144K)
 Metaspace       used 40322K, capacity 41416K, committed 41672K, reserved 1085440K
  class space    used 5108K, capacity 5498K, committed 5504K, reserved 1048576K
}
Event: 8.027 GC heap before
{Heap before GC invocations=10 (full 0):
 garbage-first heap   total 155648K, used 100210K [0x0000000080000000, 0x0000000100000000)
  region size 1024K, 62 young (63488K), 6 survivors (6144K)
 Metaspace       used 44858K, capacity 46187K, committed 46408K, reserved 1089536K
  class space    used 5630K, capacity 6077K, committed 6144K, reserved 1048576K
}
Event: 8.035 GC heap after
{Heap after GC invocations=11 (full 0):
 garbage-first heap   total 155648K, used 46805K [0x0000000080000000, 0x0000000100000000)
  region size 1024K, 8 young (8192K), 8 survivors (8192K)
 Metaspace       used 44858K, capacity 46187K, committed 46408K, reserved 1089536K
  class space    used 5630K, capacity 6077K, committed 6144K, reserved 1048576K
}
Event: 8.757 GC heap before
{Heap before GC invocations=11 (full 0):
 garbage-first heap   total 155648K, used 108245K [0x0000000080000000, 0x0000000100000000)
  region size 1024K, 64 young (65536K), 8 survivors (8192K)
 Metaspace       used 47497K, capacity 48885K, committed 49096K, reserved 1091584K
  class space    used 6048K, capacity 6508K, committed 6528K, reserved 1048576K
}
Event: 8.768 GC heap after
{Heap after GC invocations=12 (full 0):
 garbage-first heap   total 155648K, used 54893K [0x0000000080000000, 0x0000000100000000)
  region size 1024K, 8 young (8192K), 8 survivors (8192K)
 Metaspace       used 47497K, capacity 48885K, committed 49096K, reserved 1091584K
  class space    used 6048K, capacity 6508K, committed 6528K, reserved 1048576K
}
Event: 9.785 GC heap before
{Heap before GC invocations=12 (full 0):
 garbage-first heap   total 155648K, used 110189K [0x0000000080000000, 0x0000000100000000)
  region size 1024K, 63 young (64512K), 8 survivors (8192K)
 Metaspace       used 50372K, capacity 51904K, committed 52168K, reserved 1095680K
  class space    used 6423K, capacity 6932K, committed 7040K, reserved 1048576K
}
Event: 9.796 GC heap after
{Heap after GC invocations=13 (full 0):
 garbage-first heap   total 155648K, used 58086K [0x0000000080000000, 0x0000000100000000)
  region size 1024K, 7 young (7168K), 7 survivors (7168K)
 Metaspace       used 50372K, capacity 51904K, committed 52168K, reserved 1095680K
  class space    used 6423K, capacity 6932K, committed 7040K, reserved 1048576K
}
Event: 10.883 GC heap before
{Heap before GC invocations=13 (full 0):
 garbage-first heap   total 155648K, used 118502K [0x0000000080000000, 0x0000000100000000)
  region size 1024K, 62 young (63488K), 7 survivors (7168K)
 Metaspace       used 55914K, capacity 57592K, committed 57800K, reserved 1099776K
  class space    used 7155K, capacity 7760K, committed 7808K, reserved 1048576K
}

