# JRE version: OpenJDK Runtime Environment (11.0.11+9) (build 11.0.11+9-b60-7590822)
# Java VM: OpenJDK 64-Bit Server VM (11.0.11+9-b60-7590822, mixed mode, tiered, compressed oops, g1 gc, windows-amd64)
Heap:
 garbage-first heap   total 187392K, used 74106K [0x0000000080000000, 0x0000000100000000)
  region size 1024K, 3 young (3072K), 3 survivors (3072K)
 Metaspace       used 64378K, capacity 66452K, committed 66632K, reserved 1107968K
  class space    used 8219K, capacity 8917K, committed 8960K, reserved 1048576K
GC Heap History (20 events):
Event: 3.783 GC heap after
{Heap after GC invocations=4 (full 0):
 garbage-first heap   total 129024K, used 16919K [0x0000000080000000, 0x0000000100000000)
  region size 1024K, 1 young (1024K), 1 survivors (1024K)
 Metaspace       used 20678K, capacity 21120K, committed 21296K, reserved 1069056K
  class space    used 2529K, capacity 2674K, committed 2688K, reserved 1048576K
}
Event: 4.722 GC heap before
{Heap before GC invocations=5 (full 0):
 garbage-first heap   total 129024K, used 82455K [0x0000000080000000, 0x0000000100000000)
  region size 1024K, 60 young (61440K), 1 survivors (1024K)
 Metaspace       used 26832K, capacity 27531K, committed 27824K, reserved 1073152K
  class space    used 3517K, capacity 3768K, committed 3840K, reserved 1048576K
}
Event: 4.727 GC heap after
{Heap after GC invocations=6 (full 0):
 garbage-first heap   total 129024K, used 25903K [0x0000000080000000, 0x0000000100000000)
  region size 1024K, 5 young (5120K), 5 survivors (5120K)
 Metaspace       used 26832K, capacity 27531K, committed 27824K, reserved 1073152K
  class space    used 3517K, capacity 3768K, committed 3840K, reserved 1048576K
}
Event: 5.748 GC heap before
{Heap before GC invocations=6 (full 0):
 garbage-first heap   total 129024K, used 90415K [0x0000000080000000, 0x0000000100000000)
  region size 1024K, 64 young (65536K), 5 survivors (5120K)
 Metaspace       used 33623K, capacity 34616K, committed 34736K, reserved 1079296K
  class space    used 4492K, capacity 4857K, committed 4864K, reserved 1048576K
}
Event: 5.755 GC heap after
{Heap after GC invocations=7 (full 0):
 garbage-first heap   total 129024K, used 33289K [0x0000000080000000, 0x0000000100000000)
  region size 1024K, 8 young (8192K), 8 survivors (8192K)
 Metaspace       used 33623K, capacity 34616K, committed 34736K, reserved 1079296K
  class space    used 4492K, capacity 4857K, committed 4864K, reserved 1048576K
}
Event: 5.824 GC heap before
{Heap before GC invocations=7 (full 0):
 garbage-first heap   total 129024K, used 35337K [0x0000000080000000, 0x0000000100000000)
  region size 1024K, 11 young (11264K), 8 survivors (8192K)
 Metaspace       used 34560K, capacity 35501K, committed 35632K, reserved 1079296K
  class space    used 4544K, capacity 4896K, committed 4992K, reserved 1048576K
}
Event: 5.835 GC heap after
{Heap after GC invocations=8 (full 0):
 garbage-first heap   total 129024K, used 33877K [0x0000000080000000, 0x0000000100000000)
  region size 1024K, 4 young (4096K), 4 survivors (4096K)
 Metaspace       used 34560K, capacity 35501K, committed 35632K, reserved 1079296K
  class space    used 4544K, capacity 4896K, committed 4992K, reserved 1048576K
}
Event: 6.783 GC heap before
{Heap before GC invocations=9 (full 0):
 garbage-first heap   total 129024K, used 97365K [0x0000000080000000, 0x0000000100000000)
  region size 1024K, 64 young (65536K), 4 survivors (4096K)
 Metaspace       used 41468K, capacity 42610K, committed 42696K, reserved 1087488K
  class space    used 5307K, capacity 5705K, committed 5760K, reserved 1048576K
}
Event: 6.797 GC heap after
{Heap after GC invocations=10 (full 0):
 garbage-first heap   total 129024K, used 38791K [0x0000000080000000, 0x0000000100000000)
  region size 1024K, 8 young (8192K), 8 survivors (8192K)
 Metaspace       used 41468K, capacity 42610K, committed 42696K, reserved 1087488K
  class space    used 5307K, capacity 5705K, committed 5760K, reserved 1048576K
}
Event: 7.533 GC heap before
{Heap before GC invocations=11 (full 0):
 garbage-first heap   total 129024K, used 98183K [0x0000000080000000, 0x0000000100000000)
  region size 1024K, 67 young (68608K), 8 survivors (8192K)
 Metaspace       used 45710K, capacity 46873K, committed 46920K, reserved 1089536K
  class space    used 5965K, capacity 6381K, committed 6400K, reserved 1048576K
}
Event: 7.547 GC heap after
{Heap after GC invocations=12 (full 0):
 garbage-first heap   total 155648K, used 41788K [0x0000000080000000, 0x0000000100000000)
  region size 1024K, 8 young (8192K), 8 survivors (8192K)
 Metaspace       used 45710K, capacity 46873K, committed 46920K, reserved 1089536K
  class space    used 5965K, capacity 6381K, committed 6400K, reserved 1048576K
}
Event: 8.249 GC heap before
{Heap before GC invocations=12 (full 0):
 garbage-first heap   total 155648K, used 109372K [0x0000000080000000, 0x0000000100000000)
  region size 1024K, 74 young (75776K), 8 survivors (8192K)
 Metaspace       used 46921K, capacity 48233K, committed 48456K, reserved 1091584K
  class space    used 6107K, capacity 6556K, committed 6656K, reserved 1048576K
}
Event: 8.259 GC heap after
{Heap after GC invocations=13 (full 0):
 garbage-first heap   total 155648K, used 43847K [0x0000000080000000, 0x0000000100000000)
  region size 1024K, 6 young (6144K), 6 survivors (6144K)
 Metaspace       used 46921K, capacity 48233K, committed 48456K, reserved 1091584K
  class space    used 6107K, capacity 6556K, committed 6656K, reserved 1048576K
}
Event: 9.208 GC heap before
{Heap before GC invocations=13 (full 0):
 garbage-first heap   total 155648K, used 120647K [0x0000000080000000, 0x0000000100000000)
  region size 1024K, 78 young (79872K), 6 survivors (6144K)
 Metaspace       used 50245K, capacity 51790K, committed 52040K, reserved 1095680K
  class space    used 6354K, capacity 6878K, committed 6912K, reserved 1048576K
}
Event: 9.215 GC heap after
{Heap after GC invocations=14 (full 0):
 garbage-first heap   total 155648K, used 50070K [0x0000000080000000, 0x0000000100000000)
  region size 1024K, 9 young (9216K), 9 survivors (9216K)
 Metaspace       used 50245K, capacity 51790K, committed 52040K, reserved 1095680K
  class space    used 6354K, capacity 6878K, committed 6912K, reserved 1048576K
}
Event: 10.097 GC heap before
{Heap before GC invocations=14 (full 0):
 garbage-first heap   total 155648K, used 125846K [0x0000000080000000, 0x0000000100000000)
  region size 1024K, 79 young (80896K), 9 survivors (9216K)
 Metaspace       used 53986K, capacity 55731K, committed 55752K, reserved 1097728K
  class space    used 6949K, capacity 7531K, committed 7552K, reserved 1048576K
}
Event: 10.108 GC heap after
{Heap after GC invocations=15 (full 0):
 garbage-first heap   total 155648K, used 58837K [0x0000000080000000, 0x0000000100000000)
  region size 1024K, 9 young (9216K), 9 survivors (9216K)
 Metaspace       used 53986K, capacity 55731K, committed 55752K, reserved 1097728K
  class space    used 6949K, capacity 7531K, committed 7552K, reserved 1048576K
}
Event: 11.914 GC heap before
{Heap before GC invocations=15 (full 0):
 garbage-first heap   total 155648K, used 129493K [0x0000000080000000, 0x0000000100000000)
  region size 1024K, 74 young (75776K), 9 survivors (9216K)
 Metaspace       used 56844K, capacity 58755K, committed 59080K, reserved 1099776K
  class space    used 7307K, capacity 7953K, committed 8064K, reserved 1048576K
}
Event: 11.928 GC heap after
{Heap after GC invocations=16 (full 0):
 garbage-first heap   total 155648K, used 71215K [0x0000000080000000, 0x0000000100000000)
  region size 1024K, 10 young (10240K), 10 survivors (10240K)
 Metaspace       used 56844K, capacity 58755K, committed 59080K, reserved 1099776K
  class space    used 7307K, capacity 7953K, committed 8064K, reserved 1048576K
}
Event: 13.024 GC heap before
{Heap before GC invocations=16 (full 0):
 garbage-first heap   total 155648K, used 125487K [0x0000000080000000, 0x0000000100000000)
  region size 1024K, 63 young (64512K), 10 survivors (10240K)
 Metaspace       used 64378K, capacity 66452K, committed 66632K, reserved 1107968K
  class space    used 8219K, capacity 8917K, committed 8960K, reserved 1048576K
}

