# JRE version: OpenJDK Runtime Environment (11.0.11+9) (build 11.0.11+9-b60-7590822)
# Java VM: OpenJDK 64-Bit Server VM (11.0.11+9-b60-7590822, mixed mode, tiered, compressed oops, g1 gc, windows-amd64)
Heap:
 garbage-first heap   total 129024K, used 91607K [0x0000000080000000, 0x0000000100000000)
  region size 1024K, 58 young (59392K), 9 survivors (9216K)
 Metaspace       used 45109K, capacity 46357K, committed 46408K, reserved 1089536K
  class space    used 5672K, capacity 6113K, committed 6144K, reserved 1048576K
GC Heap History (12 events):
Event: 1.372 GC heap before
{Heap before GC invocations=0 (full 0):
 garbage-first heap   total 129024K, used 29696K [0x0000000080000000, 0x0000000100000000)
  region size 1024K, 24 young (24576K), 0 survivors (0K)
 Metaspace       used 9861K, capacity 10062K, committed 10112K, reserved 1058816K
  class space    used 1031K, capacity 1102K, committed 1152K, reserved 1048576K
}
Event: 1.382 GC heap after
{Heap after GC invocations=1 (full 0):
 garbage-first heap   total 129024K, used 9219K [0x0000000080000000, 0x0000000100000000)
  region size 1024K, 3 young (3072K), 3 survivors (3072K)
 Metaspace       used 9861K, capacity 10062K, committed 10112K, reserved 1058816K
  class space    used 1031K, capacity 1102K, committed 1152K, reserved 1048576K
}
Event: 2.479 GC heap before
{Heap before GC invocations=1 (full 0):
 garbage-first heap   total 129024K, used 64515K [0x0000000080000000, 0x0000000100000000)
  region size 1024K, 57 young (58368K), 3 survivors (3072K)
 Metaspace       used 13956K, capacity 14273K, committed 14464K, reserved 1062912K
  class space    used 1554K, capacity 1654K, committed 1664K, reserved 1048576K
}
Event: 2.486 GC heap after
{Heap after GC invocations=2 (full 0):
 garbage-first heap   total 129024K, used 15244K [0x0000000080000000, 0x0000000100000000)
  region size 1024K, 8 young (8192K), 8 survivors (8192K)
 Metaspace       used 13956K, capacity 14273K, committed 14464K, reserved 1062912K
  class space    used 1554K, capacity 1654K, committed 1664K, reserved 1048576K
}
Event: 3.537 GC heap before
{Heap before GC invocations=2 (full 0):
 garbage-first heap   total 129024K, used 58252K [0x0000000080000000, 0x0000000100000000)
  region size 1024K, 51 young (52224K), 8 survivors (8192K)
 Metaspace       used 20706K, capacity 21188K, committed 21296K, reserved 1069056K
  class space    used 2529K, capacity 2674K, committed 2688K, reserved 1048576K
}
Event: 3.547 GC heap after
{Heap after GC invocations=3 (full 0):
 garbage-first heap   total 129024K, used 17419K [0x0000000080000000, 0x0000000100000000)
  region size 1024K, 3 young (3072K), 3 survivors (3072K)
 Metaspace       used 20706K, capacity 21188K, committed 21296K, reserved 1069056K
  class space    used 2529K, capacity 2674K, committed 2688K, reserved 1048576K
}
Event: 4.263 GC heap before
{Heap before GC invocations=4 (full 0):
 garbage-first heap   total 129024K, used 76811K [0x0000000080000000, 0x0000000100000000)
  region size 1024K, 59 young (60416K), 3 survivors (3072K)
 Metaspace       used 26667K, capacity 27306K, committed 27568K, reserved 1073152K
  class space    used 3488K, capacity 3720K, committed 3840K, reserved 1048576K
}
Event: 4.268 GC heap after
{Heap after GC invocations=5 (full 0):
 garbage-first heap   total 129024K, used 22304K [0x0000000080000000, 0x0000000100000000)
  region size 1024K, 5 young (5120K), 5 survivors (5120K)
 Metaspace       used 26667K, capacity 27306K, committed 27568K, reserved 1073152K
  class space    used 3488K, capacity 3720K, committed 3840K, reserved 1048576K
}
Event: 5.342 GC heap before
{Heap before GC invocations=5 (full 0):
 garbage-first heap   total 129024K, used 92960K [0x0000000080000000, 0x0000000100000000)
  region size 1024K, 69 young (70656K), 5 survivors (5120K)
 Metaspace       used 34535K, capacity 35496K, committed 35632K, reserved 1079296K
  class space    used 4537K, capacity 4893K, committed 4992K, reserved 1048576K
}
Event: 5.354 GC heap after
{Heap after GC invocations=6 (full 0):
 garbage-first heap   total 129024K, used 34205K [0x0000000080000000, 0x0000000100000000)
  region size 1024K, 8 young (8192K), 8 survivors (8192K)
 Metaspace       used 34535K, capacity 35496K, committed 35632K, reserved 1079296K
  class space    used 4537K, capacity 4893K, committed 4992K, reserved 1048576K
}
Event: 6.262 GC heap before
{Heap before GC invocations=7 (full 0):
 garbage-first heap   total 129024K, used 95645K [0x0000000080000000, 0x0000000100000000)
  region size 1024K, 66 young (67584K), 8 survivors (8192K)
 Metaspace       used 41300K, capacity 42354K, committed 42696K, reserved 1087488K
  class space    used 5280K, capacity 5639K, committed 5760K, reserved 1048576K
}
Event: 6.275 GC heap after
{Heap after GC invocations=8 (full 0):
 garbage-first heap   total 129024K, used 39383K [0x0000000080000000, 0x0000000100000000)
  region size 1024K, 9 young (9216K), 9 survivors (9216K)
 Metaspace       used 41300K, capacity 42354K, committed 42696K, reserved 1087488K
  class space    used 5280K, capacity 5639K, committed 5760K, reserved 1048576K
}

